
> markdown-for-humans@0.1.1 lint
> eslint src --ext ts --max-warnings 600


/Users/abhinav/code/markdown-for-humans-public/src/__tests__/editor/inMemoryFiles.test.ts
   42:30  warning  Unexpected any. Specify a different type  @typescript-eslint/no-explicit-any
   49:22  warning  Unexpected any. Specify a different type  @typescript-eslint/no-explicit-any
   51:22  warning  Unexpected any. Specify a different type  @typescript-eslint/no-explicit-any
   54:21  warning  Unexpected any. Specify a different type  @typescript-eslint/no-explicit-any
   55:33  warning  Unexpected any. Specify a different type  @typescript-eslint/no-explicit-any
   66:22  warning  Unexpected any. Specify a different type  @typescript-eslint/no-explicit-any
   88:76  warning  Unexpected any. Specify a different type  @typescript-eslint/no-explicit-any
  100:20  warning  Unexpected any. Specify a different type  @typescript-eslint/no-explicit-any
  111:35  warning  Unexpected any. Specify a different type  @typescript-eslint/no-explicit-any
  124:74  warning  Unexpected any. Specify a different type  @typescript-eslint/no-explicit-any
  125:35  warning  Unexpected any. Specify a different type  @typescript-eslint/no-explicit-any
  131:87  warning  Unexpected any. Specify a different type  @typescript-eslint/no-explicit-any
  132:45  warning  Unexpected any. Specify a different type  @typescript-eslint/no-explicit-any
  135:35  warning  Unexpected any. Specify a different type  @typescript-eslint/no-explicit-any
  141:87  warning  Unexpected any. Specify a different type  @typescript-eslint/no-explicit-any
  142:45  warning  Unexpected any. Specify a different type  @typescript-eslint/no-explicit-any
  145:35  warning  Unexpected any. Specify a different type  @typescript-eslint/no-explicit-any
  151:87  warning  Unexpected any. Specify a different type  @typescript-eslint/no-explicit-any
  152:45  warning  Unexpected any. Specify a different type  @typescript-eslint/no-explicit-any
  157:35  warning  Unexpected any. Specify a different type  @typescript-eslint/no-explicit-any
  166:74  warning  Unexpected any. Specify a different type  @typescript-eslint/no-explicit-any
  167:37  warning  Unexpected any. Specify a different type  @typescript-eslint/no-explicit-any
  173:87  warning  Unexpected any. Specify a different type  @typescript-eslint/no-explicit-any
  174:45  warning  Unexpected any. Specify a different type  @typescript-eslint/no-explicit-any
  177:37  warning  Unexpected any. Specify a different type  @typescript-eslint/no-explicit-any
  183:87  warning  Unexpected any. Specify a different type  @typescript-eslint/no-explicit-any
  184:45  warning  Unexpected any. Specify a different type  @typescript-eslint/no-explicit-any
  187:37  warning  Unexpected any. Specify a different type  @typescript-eslint/no-explicit-any
  195:87  warning  Unexpected any. Specify a different type  @typescript-eslint/no-explicit-any
  200:12  warning  Unexpected any. Specify a different type  @typescript-eslint/no-explicit-any
  202:45  warning  Unexpected any. Specify a different type  @typescript-eslint/no-explicit-any
  205:26  warning  Unexpected any. Specify a different type  @typescript-eslint/no-explicit-any
  218:87  warning  Unexpected any. Specify a different type  @typescript-eslint/no-explicit-any
  223:12  warning  Unexpected any. Specify a different type  @typescript-eslint/no-explicit-any
  225:45  warning  Unexpected any. Specify a different type  @typescript-eslint/no-explicit-any
  228:26  warning  Unexpected any. Specify a different type  @typescript-eslint/no-explicit-any
  242:87  warning  Unexpected any. Specify a different type  @typescript-eslint/no-explicit-any
  247:12  warning  Unexpected any. Specify a different type  @typescript-eslint/no-explicit-any
  249:45  warning  Unexpected any. Specify a different type  @typescript-eslint/no-explicit-any
  252:26  warning  Unexpected any. Specify a different type  @typescript-eslint/no-explicit-any
  265:87  warning  Unexpected any. Specify a different type  @typescript-eslint/no-explicit-any
  270:12  warning  Unexpected any. Specify a different type  @typescript-eslint/no-explicit-any
  272:45  warning  Unexpected any. Specify a different type  @typescript-eslint/no-explicit-any
  275:26  warning  Unexpected any. Specify a different type  @typescript-eslint/no-explicit-any
  288:87  warning  Unexpected any. Specify a different type  @typescript-eslint/no-explicit-any
  289:45  warning  Unexpected any. Specify a different type  @typescript-eslint/no-explicit-any
  298:20  warning  Unexpected any. Specify a different type  @typescript-eslint/no-explicit-any
  311:87  warning  Unexpected any. Specify a different type  @typescript-eslint/no-explicit-any
  312:45  warning  Unexpected any. Specify a different type  @typescript-eslint/no-explicit-any
  321:20  warning  Unexpected any. Specify a different type  @typescript-eslint/no-explicit-any
  333:87  warning  Unexpected any. Specify a different type  @typescript-eslint/no-explicit-any
  335:30  warning  Unexpected any. Specify a different type  @typescript-eslint/no-explicit-any
  343:20  warning  Unexpected any. Specify a different type  @typescript-eslint/no-explicit-any
  363:12  warning  Unexpected any. Specify a different type  @typescript-eslint/no-explicit-any
  365:45  warning  Unexpected any. Specify a different type  @typescript-eslint/no-explicit-any
  389:26  warning  Unexpected any. Specify a different type  @typescript-eslint/no-explicit-any
  408:12  warning  Unexpected any. Specify a different type  @typescript-eslint/no-explicit-any
  410:45  warning  Unexpected any. Specify a different type  @typescript-eslint/no-explicit-any
  434:26  warning  Unexpected any. Specify a different type  @typescript-eslint/no-explicit-any
  449:87  warning  Unexpected any. Specify a different type  @typescript-eslint/no-explicit-any
  450:45  warning  Unexpected any. Specify a different type  @typescript-eslint/no-explicit-any
  464:26  warning  Unexpected any. Specify a different type  @typescript-eslint/no-explicit-any
  479:87  warning  Unexpected any. Specify a different type  @typescript-eslint/no-explicit-any
  480:45  warning  Unexpected any. Specify a different type  @typescript-eslint/no-explicit-any
  484:72  warning  Unexpected any. Specify a different type  @typescript-eslint/no-explicit-any
  486:40  warning  Unexpected any. Specify a different type  @typescript-eslint/no-explicit-any
  502:26  warning  Unexpected any. Specify a different type  @typescript-eslint/no-explicit-any
  518:87  warning  Unexpected any. Specify a different type  @typescript-eslint/no-explicit-any
  519:45  warning  Unexpected any. Specify a different type  @typescript-eslint/no-explicit-any
  533:26  warning  Unexpected any. Specify a different type  @typescript-eslint/no-explicit-any
  543:87  warning  Unexpected any. Specify a different type  @typescript-eslint/no-explicit-any
  544:30  warning  Unexpected any. Specify a different type  @typescript-eslint/no-explicit-any
  553:26  warning  Unexpected any. Specify a different type  @typescript-eslint/no-explicit-any
  574:12  warning  Unexpected any. Specify a different type  @typescript-eslint/no-explicit-any
  576:45  warning  Unexpected any. Specify a different type  @typescript-eslint/no-explicit-any
  600:26  warning  Unexpected any. Specify a different type  @typescript-eslint/no-explicit-any
  622:87  warning  Unexpected any. Specify a different type  @typescript-eslint/no-explicit-any
  623:45  warning  Unexpected any. Specify a different type  @typescript-eslint/no-explicit-any
  633:20  warning  Unexpected any. Specify a different type  @typescript-eslint/no-explicit-any
  647:87  warning  Unexpected any. Specify a different type  @typescript-eslint/no-explicit-any
  648:45  warning  Unexpected any. Specify a different type  @typescript-eslint/no-explicit-any
  656:34  warning  Unexpected any. Specify a different type  @typescript-eslint/no-explicit-any
  664:20  warning  Unexpected any. Specify a different type  @typescript-eslint/no-explicit-any
  677:26  warning  Unexpected any. Specify a different type  @typescript-eslint/no-explicit-any
  688:26  warning  Unexpected any. Specify a different type  @typescript-eslint/no-explicit-any

/Users/abhinav/code/markdown-for-humans-public/src/__tests__/features/imageConversion.test.ts
  235:5  warning  Unexpected console statement. Only these console methods are allowed: warn, error  no-console
  236:5  warning  Unexpected console statement. Only these console methods are allowed: warn, error  no-console
  237:5  warning  Unexpected console statement. Only these console methods are allowed: warn, error  no-console
  238:5  warning  Unexpected console statement. Only these console methods are allowed: warn, error  no-console

/Users/abhinav/code/markdown-for-humans-public/src/__tests__/webview/imageEnterSpacing.test.ts
    70:25  error    Replace `ImageEnterSpacing·as·unknown·as·{·config?:·{·addProseMirrorPlugins?:·(this:·{·editor:·unknown·})·=>·Array<{·props?:·{·handleKeyDown?:·(view:·EditorView,·event:·KeyboardEvent)·=>·boolean·}·}>·}·}` with `⏎······ImageEnterSpacing·as·unknown·as·{⏎········config?:·{⏎··········addProseMirrorPlugins?:·(this:·{⏎············editor:·unknown;⏎··········})·=>·Array<{⏎············props?:·{·handleKeyDown?:·(view:·EditorView,·event:·KeyboardEvent)·=>·boolean·};⏎··········}>;⏎········};⏎······}⏎····`  prettier/prettier
   127:20  error    Insert `⏎·····`                                                                                                                                                                                                                                                                                                                                                                                                                                                                                                     prettier/prettier
   178:20  error    Insert `⏎·····`                                                                                                                                                                                                                                                                                                                                                                                                                                                                                                     prettier/prettier
   218:20  error    Insert `⏎·····`                                                                                                                                                                                                                                                                                                                                                                                                                                                                                                     prettier/prettier
   267:20  error    Insert `⏎·····`                                                                                                                                                                                                                                                                                                                                                                                                                                                                                                     prettier/prettier
   466:41  warning  Unexpected any. Specify a different type                                                                                                                                                                                                                                                                                                                                                                                                                                                                            @typescript-eslint/no-explicit-any
  1000:74  warning  Unexpected any. Specify a different type                                                                                                                                                                                                                                                                                                                                                                                                                                                                            @typescript-eslint/no-explicit-any

/Users/abhinav/code/markdown-for-humans-public/src/editor/MarkdownEditorProvider.ts
   470:52  warning  Unexpected any. Specify a different type                                           @typescript-eslint/no-explicit-any
   471:51  warning  Unexpected any. Specify a different type                                           @typescript-eslint/no-explicit-any
   560:52  warning  Unexpected any. Specify a different type                                           @typescript-eslint/no-explicit-any
   662:5   warning  Unexpected console statement. Only these console methods are allowed: warn, error  no-console
   689:7   warning  Unexpected console statement. Only these console methods are allowed: warn, error  no-console
   764:9   warning  Unexpected console statement. Only these console methods are allowed: warn, error  no-console
   791:5   warning  Unexpected console statement. Only these console methods are allowed: warn, error  no-console
   836:5   warning  Unexpected console statement. Only these console methods are allowed: warn, error  no-console
   894:7   warning  Unexpected console statement. Only these console methods are allowed: warn, error  no-console
   934:5   warning  Unexpected console statement. Only these console methods are allowed: warn, error  no-console
   990:7   warning  Unexpected console statement. Only these console methods are allowed: warn, error  no-console
   998:7   warning  Unexpected console statement. Only these console methods are allowed: warn, error  no-console
  1039:5   warning  Unexpected console statement. Only these console methods are allowed: warn, error  no-console
  1065:7   warning  Unexpected console statement. Only these console methods are allowed: warn, error  no-console
  1098:5   warning  Unexpected console statement. Only these console methods are allowed: warn, error  no-console
  1116:7   warning  Unexpected console statement. Only these console methods are allowed: warn, error  no-console
  1448:5   warning  Unexpected console statement. Only these console methods are allowed: warn, error  no-console
  1511:7   warning  Unexpected console statement. Only these console methods are allowed: warn, error  no-console
  1821:5   warning  Unexpected console statement. Only these console methods are allowed: warn, error  no-console
  1896:7   warning  Unexpected console statement. Only these console methods are allowed: warn, error  no-console
  1929:7   warning  Unexpected console statement. Only these console methods are allowed: warn, error  no-console

/Users/abhinav/code/markdown-for-humans-public/src/features/documentExport.ts
  648:33  warning  Unexpected any. Specify a different type  @typescript-eslint/no-explicit-any
  673:28  warning  Unexpected any. Specify a different type  @typescript-eslint/no-explicit-any
  826:9   warning  Unexpected any. Specify a different type  @typescript-eslint/no-explicit-any
  829:12  warning  Unexpected any. Specify a different type  @typescript-eslint/no-explicit-any
  830:19  warning  Unexpected any. Specify a different type  @typescript-eslint/no-explicit-any
  835:37  warning  Unexpected any. Specify a different type  @typescript-eslint/no-explicit-any
  917:49  warning  Unexpected any. Specify a different type  @typescript-eslint/no-explicit-any
  917:55  warning  Unexpected any. Specify a different type  @typescript-eslint/no-explicit-any
  940:6   warning  Unexpected any. Specify a different type  @typescript-eslint/no-explicit-any
  941:12  warning  Unexpected any. Specify a different type  @typescript-eslint/no-explicit-any
  942:9   warning  Unexpected any. Specify a different type  @typescript-eslint/no-explicit-any
  944:12  warning  Unexpected any. Specify a different type  @typescript-eslint/no-explicit-any
  945:15  warning  Unexpected any. Specify a different type  @typescript-eslint/no-explicit-any

/Users/abhinav/code/markdown-for-humans-public/src/webview/editor.ts
   274:5   warning  Unexpected console statement. Only these console methods are allowed: warn, error  no-console
   307:9   warning  Unexpected console statement. Only these console methods are allowed: warn, error  no-console
   369:5   warning  Unexpected console statement. Only these console methods are allowed: warn, error  no-console
   502:9   warning  Unexpected console statement. Only these console methods are allowed: warn, error  no-console
   505:9   warning  Unexpected console statement. Only these console methods are allowed: warn, error  no-console
   599:9   warning  Unexpected console statement. Only these console methods are allowed: warn, error  no-console
   604:9   warning  Unexpected console statement. Only these console methods are allowed: warn, error  no-console
   628:9   warning  Unexpected console statement. Only these console methods are allowed: warn, error  no-console
   637:9   warning  Unexpected console statement. Only these console methods are allowed: warn, error  no-console
   648:9   warning  Unexpected console statement. Only these console methods are allowed: warn, error  no-console
   666:7   warning  Unexpected console statement. Only these console methods are allowed: warn, error  no-console
   669:5   warning  Unexpected console statement. Only these console methods are allowed: warn, error  no-console
   696:22  warning  Unexpected any. Specify a different type                                           @typescript-eslint/no-explicit-any
   700:22  warning  Unexpected any. Specify a different type                                           @typescript-eslint/no-explicit-any
   703:22  warning  Unexpected any. Specify a different type                                           @typescript-eslint/no-explicit-any
   719:22  warning  Unexpected any. Specify a different type                                           @typescript-eslint/no-explicit-any
   723:22  warning  Unexpected any. Specify a different type                                           @typescript-eslint/no-explicit-any
   726:22  warning  Unexpected any. Specify a different type                                           @typescript-eslint/no-explicit-any
   739:25  warning  Unexpected any. Specify a different type                                           @typescript-eslint/no-explicit-any
   741:22  warning  Unexpected any. Specify a different type                                           @typescript-eslint/no-explicit-any
   856:38  warning  Unexpected any. Specify a different type                                           @typescript-eslint/no-explicit-any
   889:38  warning  Unexpected any. Specify a different type                                           @typescript-eslint/no-explicit-any
  1011:33  warning  Unexpected any. Specify a different type                                           @typescript-eslint/no-explicit-any
  1014:30  warning  Unexpected any. Specify a different type                                           @typescript-eslint/no-explicit-any
  1015:35  warning  Unexpected any. Specify a different type                                           @typescript-eslint/no-explicit-any
  1030:30  warning  Unexpected any. Specify a different type                                           @typescript-eslint/no-explicit-any
  1031:28  warning  Unexpected any. Specify a different type                                           @typescript-eslint/no-explicit-any
  1057:30  warning  Unexpected any. Specify a different type                                           @typescript-eslint/no-explicit-any
  1058:35  warning  Unexpected any. Specify a different type                                           @typescript-eslint/no-explicit-any
  1059:35  warning  Unexpected any. Specify a different type                                           @typescript-eslint/no-explicit-any
  1103:9   warning  Unexpected console statement. Only these console methods are allowed: warn, error  no-console
  1111:7   warning  Unexpected console statement. Only these console methods are allowed: warn, error  no-console
  1120:5   warning  Unexpected console statement. Only these console methods are allowed: warn, error  no-console
  1125:7   warning  Unexpected console statement. Only these console methods are allowed: warn, error  no-console
  1131:5   warning  Unexpected console statement. Only these console methods are allowed: warn, error  no-console
  1139:7   warning  Unexpected console statement. Only these console methods are allowed: warn, error  no-console
  1150:5   warning  Unexpected console statement. Only these console methods are allowed: warn, error  no-console
  1199:3   warning  Unexpected console statement. Only these console methods are allowed: warn, error  no-console
  1215:3   warning  Unexpected console statement. Only these console methods are allowed: warn, error  no-console
  1295:29  warning  Unexpected any. Specify a different type                                           @typescript-eslint/no-explicit-any

/Users/abhinav/code/markdown-for-humans-public/src/webview/extensions/customImage.ts
   35:31  warning  Unexpected any. Specify a different type  @typescript-eslint/no-explicit-any
  241:24  warning  Unexpected any. Specify a different type  @typescript-eslint/no-explicit-any
  242:22  warning  Unexpected any. Specify a different type  @typescript-eslint/no-explicit-any
  287:40  warning  Unexpected any. Specify a different type  @typescript-eslint/no-explicit-any
  316:38  warning  Unexpected any. Specify a different type  @typescript-eslint/no-explicit-any

/Users/abhinav/code/markdown-for-humans-public/src/webview/extensions/githubAlerts.ts
  117:49  warning  Unexpected any. Specify a different type  @typescript-eslint/no-explicit-any
  118:45  warning  Unexpected any. Specify a different type  @typescript-eslint/no-explicit-any
  125:40  warning  Unexpected any. Specify a different type  @typescript-eslint/no-explicit-any
  127:50  warning  Unexpected any. Specify a different type  @typescript-eslint/no-explicit-any
  127:65  warning  Unexpected any. Specify a different type  @typescript-eslint/no-explicit-any
  271:60  warning  Unexpected any. Specify a different type  @typescript-eslint/no-explicit-any

/Users/abhinav/code/markdown-for-humans-public/src/webview/extensions/imageEnterSpacing.ts
   22:28  warning  Unexpected any. Specify a different type                                           @typescript-eslint/no-explicit-any
   33:28  warning  Unexpected any. Specify a different type                                           @typescript-eslint/no-explicit-any
   40:28  warning  Unexpected any. Specify a different type                                           @typescript-eslint/no-explicit-any
   96:40  warning  Unexpected any. Specify a different type                                           @typescript-eslint/no-explicit-any
  158:34  warning  Unexpected any. Specify a different type                                           @typescript-eslint/no-explicit-any
  171:36  warning  Unexpected any. Specify a different type                                           @typescript-eslint/no-explicit-any
  177:5   warning  Unexpected console statement. Only these console methods are allowed: warn, error  no-console
  213:5   warning  Unexpected console statement. Only these console methods are allowed: warn, error  no-console
  225:7   warning  Unexpected console statement. Only these console methods are allowed: warn, error  no-console
  292:5   warning  Unexpected console statement. Only these console methods are allowed: warn, error  no-console
  314:5   warning  Unexpected console statement. Only these console methods are allowed: warn, error  no-console
  351:45  warning  Unexpected any. Specify a different type                                           @typescript-eslint/no-explicit-any
  530:40  warning  Unexpected any. Specify a different type                                           @typescript-eslint/no-explicit-any
  531:38  warning  Unexpected any. Specify a different type                                           @typescript-eslint/no-explicit-any
  531:57  warning  Unexpected any. Specify a different type                                           @typescript-eslint/no-explicit-any
  565:17  warning  Unexpected console statement. Only these console methods are allowed: warn, error  no-console
  576:19  warning  Unexpected console statement. Only these console methods are allowed: warn, error  no-console
  630:23  warning  Unexpected console statement. Only these console methods are allowed: warn, error  no-console
  749:19  warning  Unexpected console statement. Only these console methods are allowed: warn, error  no-console
  757:19  warning  Unexpected console statement. Only these console methods are allowed: warn, error  no-console
  811:44  warning  Unexpected any. Specify a different type                                           @typescript-eslint/no-explicit-any
  812:43  warning  Unexpected any. Specify a different type                                           @typescript-eslint/no-explicit-any

/Users/abhinav/code/markdown-for-humans-public/src/webview/extensions/tabIndentation.ts
   53:9   warning  Unexpected console statement. Only these console methods are allowed: warn, error  no-console
   57:9   warning  Unexpected console statement. Only these console methods are allowed: warn, error  no-console
   58:9   warning  Unexpected console statement. Only these console methods are allowed: warn, error  no-console
   70:11  warning  Unexpected console statement. Only these console methods are allowed: warn, error  no-console
   77:11  warning  Unexpected console statement. Only these console methods are allowed: warn, error  no-console
   85:11  warning  Unexpected console statement. Only these console methods are allowed: warn, error  no-console
   93:11  warning  Unexpected console statement. Only these console methods are allowed: warn, error  no-console
   99:11  warning  Unexpected console statement. Only these console methods are allowed: warn, error  no-console
  107:13  warning  Unexpected console statement. Only these console methods are allowed: warn, error  no-console
  109:13  warning  Unexpected console statement. Only these console methods are allowed: warn, error  no-console
  117:9   warning  Unexpected console statement. Only these console methods are allowed: warn, error  no-console
  123:9   warning  Unexpected console statement. Only these console methods are allowed: warn, error  no-console
  127:9   warning  Unexpected console statement. Only these console methods are allowed: warn, error  no-console
  128:9   warning  Unexpected console statement. Only these console methods are allowed: warn, error  no-console
  137:11  warning  Unexpected console statement. Only these console methods are allowed: warn, error  no-console
  143:11  warning  Unexpected console statement. Only these console methods are allowed: warn, error  no-console
  149:11  warning  Unexpected console statement. Only these console methods are allowed: warn, error  no-console
  152:11  warning  Unexpected console statement. Only these console methods are allowed: warn, error  no-console
  203:9   warning  Unexpected console statement. Only these console methods are allowed: warn, error  no-console
  209:9   warning  Unexpected console statement. Only these console methods are allowed: warn, error  no-console
  218:9   warning  Unexpected console statement. Only these console methods are allowed: warn, error  no-console
  225:11  warning  Unexpected console statement. Only these console methods are allowed: warn, error  no-console
  235:9   warning  Unexpected console statement. Only these console methods are allowed: warn, error  no-console

/Users/abhinav/code/markdown-for-humans-public/src/webview/features/imageConfirmation.ts
   29:36  warning  Unexpected any. Specify a different type  @typescript-eslint/no-explicit-any
  193:32  warning  Unexpected any. Specify a different type  @typescript-eslint/no-explicit-any

/Users/abhinav/code/markdown-for-humans-public/src/webview/features/imageDragDrop.ts
  211:3  warning  Unexpected console statement. Only these console methods are allowed: warn, error  no-console
  257:3  warning  Unexpected console statement. Only these console methods are allowed: warn, error  no-console
  271:5  warning  Unexpected console statement. Only these console methods are allowed: warn, error  no-console
  474:5  warning  Unexpected console statement. Only these console methods are allowed: warn, error  no-console
  480:7  warning  Unexpected console statement. Only these console methods are allowed: warn, error  no-console
  486:7  warning  Unexpected console statement. Only these console methods are allowed: warn, error  no-console
  495:7  warning  Unexpected console statement. Only these console methods are allowed: warn, error  no-console
  502:7  warning  Unexpected console statement. Only these console methods are allowed: warn, error  no-console
  520:3  warning  Unexpected console statement. Only these console methods are allowed: warn, error  no-console
  541:5  warning  Unexpected console statement. Only these console methods are allowed: warn, error  no-console
  546:7  warning  Unexpected console statement. Only these console methods are allowed: warn, error  no-console
  683:5  warning  Unexpected console statement. Only these console methods are allowed: warn, error  no-console
  690:5  warning  Unexpected console statement. Only these console methods are allowed: warn, error  no-console
  711:3  warning  Unexpected console statement. Only these console methods are allowed: warn, error  no-console
  721:5  warning  Unexpected console statement. Only these console methods are allowed: warn, error  no-console
  723:7  warning  Unexpected console statement. Only these console methods are allowed: warn, error  no-console
  730:3  warning  Unexpected console statement. Only these console methods are allowed: warn, error  no-console
  734:3  warning  Unexpected console statement. Only these console methods are allowed: warn, error  no-console
  739:5  warning  Unexpected console statement. Only these console methods are allowed: warn, error  no-console
  751:7  warning  Unexpected console statement. Only these console methods are allowed: warn, error  no-console

/Users/abhinav/code/markdown-for-humans-public/src/webview/features/imageInsertDialog.ts
  497:17  warning  Unexpected any. Specify a different type  @typescript-eslint/no-explicit-any

/Users/abhinav/code/markdown-for-humans-public/src/webview/features/imageMenu.ts
  154:24  warning  Unexpected any. Specify a different type  @typescript-eslint/no-explicit-any
  155:22  warning  Unexpected any. Specify a different type  @typescript-eslint/no-explicit-any
  160:24  warning  Unexpected any. Specify a different type  @typescript-eslint/no-explicit-any
  161:22  warning  Unexpected any. Specify a different type  @typescript-eslint/no-explicit-any
  169:60  warning  Unexpected any. Specify a different type  @typescript-eslint/no-explicit-any
  170:25  warning  Unexpected any. Specify a different type  @typescript-eslint/no-explicit-any
  179:60  warning  Unexpected any. Specify a different type  @typescript-eslint/no-explicit-any
  180:25  warning  Unexpected any. Specify a different type  @typescript-eslint/no-explicit-any
  235:12  warning  Unexpected any. Specify a different type  @typescript-eslint/no-explicit-any
  266:29  warning  Unexpected any. Specify a different type  @typescript-eslint/no-explicit-any
  271:21  warning  Unexpected any. Specify a different type  @typescript-eslint/no-explicit-any

/Users/abhinav/code/markdown-for-humans-public/src/webview/features/imageMetadata.ts
  162:16  warning  Unexpected any. Specify a different type  @typescript-eslint/no-explicit-any
  162:53  warning  Unexpected any. Specify a different type  @typescript-eslint/no-explicit-any
  163:16  warning  Unexpected any. Specify a different type  @typescript-eslint/no-explicit-any
  188:36  warning  Unexpected any. Specify a different type  @typescript-eslint/no-explicit-any

/Users/abhinav/code/markdown-for-humans-public/src/webview/features/imageRenameDialog.ts
  486:41  warning  Unexpected any. Specify a different type  @typescript-eslint/no-explicit-any
  581:41  warning  Unexpected any. Specify a different type  @typescript-eslint/no-explicit-any
  589:78  warning  Unexpected any. Specify a different type  @typescript-eslint/no-explicit-any
  645:12  warning  Unexpected any. Specify a different type  @typescript-eslint/no-explicit-any

/Users/abhinav/code/markdown-for-humans-public/src/webview/features/imageResizeModal.ts
   217:5   warning  Unexpected console statement. Only these console methods are allowed: warn, error  no-console
   234:19  warning  Unexpected any. Specify a different type                                           @typescript-eslint/no-explicit-any
   237:16  warning  Unexpected any. Specify a different type                                           @typescript-eslint/no-explicit-any
   300:15  warning  Unexpected any. Specify a different type                                           @typescript-eslint/no-explicit-any
   301:15  warning  Unexpected any. Specify a different type                                           @typescript-eslint/no-explicit-any
   306:15  warning  Unexpected any. Specify a different type                                           @typescript-eslint/no-explicit-any
   800:32  warning  Unexpected any. Specify a different type                                           @typescript-eslint/no-explicit-any
   803:41  warning  Unexpected any. Specify a different type                                           @typescript-eslint/no-explicit-any
   987:36  warning  Unexpected any. Specify a different type                                           @typescript-eslint/no-explicit-any
   999:20  warning  Unexpected any. Specify a different type                                           @typescript-eslint/no-explicit-any
  1014:15  warning  Unexpected any. Specify a different type                                           @typescript-eslint/no-explicit-any
  1018:36  warning  Unexpected any. Specify a different type                                           @typescript-eslint/no-explicit-any
  1094:13  warning  Unexpected any. Specify a different type                                           @typescript-eslint/no-explicit-any
  1095:13  warning  Unexpected any. Specify a different type                                           @typescript-eslint/no-explicit-any
  1096:13  warning  Unexpected any. Specify a different type                                           @typescript-eslint/no-explicit-any
  1097:13  warning  Unexpected any. Specify a different type                                           @typescript-eslint/no-explicit-any
  1112:21  warning  Unexpected any. Specify a different type                                           @typescript-eslint/no-explicit-any
  1113:32  warning  Unexpected any. Specify a different type                                           @typescript-eslint/no-explicit-any
  1114:19  warning  Unexpected any. Specify a different type                                           @typescript-eslint/no-explicit-any
  1118:21  warning  Unexpected any. Specify a different type                                           @typescript-eslint/no-explicit-any
  1119:59  warning  Unexpected any. Specify a different type                                           @typescript-eslint/no-explicit-any
  1120:19  warning  Unexpected any. Specify a different type                                           @typescript-eslint/no-explicit-any
  1124:21  warning  Unexpected any. Specify a different type                                           @typescript-eslint/no-explicit-any
  1125:57  warning  Unexpected any. Specify a different type                                           @typescript-eslint/no-explicit-any
  1126:19  warning  Unexpected any. Specify a different type                                           @typescript-eslint/no-explicit-any
  1130:21  warning  Unexpected any. Specify a different type                                           @typescript-eslint/no-explicit-any
  1131:56  warning  Unexpected any. Specify a different type                                           @typescript-eslint/no-explicit-any
  1132:19  warning  Unexpected any. Specify a different type                                           @typescript-eslint/no-explicit-any
  1154:18  warning  Unexpected any. Specify a different type                                           @typescript-eslint/no-explicit-any
  1155:18  warning  Unexpected any. Specify a different type                                           @typescript-eslint/no-explicit-any
  1170:40  warning  Unexpected any. Specify a different type                                           @typescript-eslint/no-explicit-any
  1172:20  warning  Unexpected any. Specify a different type                                           @typescript-eslint/no-explicit-any

/Users/abhinav/code/markdown-for-humans-public/src/webview/features/linkDialog.ts
  123:64  warning  Unexpected any. Specify a different type  @typescript-eslint/no-explicit-any

/Users/abhinav/code/markdown-for-humans-public/src/webview/utils/copyMarkdown.ts
   46:40  warning  Unexpected any. Specify a different type                                           @typescript-eslint/no-explicit-any
  213:5   warning  Unexpected console statement. Only these console methods are allowed: warn, error  no-console

✖ 303 problems (5 errors, 298 warnings)
  5 errors and 0 warnings potentially fixable with the `--fix` option.

